2023-02-17 11:31:14,807 - petrioneos - WARNING - This is a warning message
2023-02-17 11:31:14,807 - petrioneos - ERROR - This is an error message
2023-02-17 11:31:15,137 - petrioneos - INFO - DataFrame does not contain date type column
2023-02-17 11:31:15,436 - petrioneos - INFO - The two dataframes are equal
2023-02-17 11:31:15,690 - petrioneos - INFO - The two dataframes are equal
2023-02-17 11:31:15,970 - petrioneos - INFO - The two dataframes are equal
2023-02-17 11:46:23,950 - petrioneos - INFO - DataFrame does not contain date type column
2023-02-17 11:46:23,951 - petrioneos - INFO - Looking for new data...
2023-02-17 11:46:24,231 - petrioneos - INFO - The two dataframes are equal
2023-02-17 11:46:24,232 - petrioneos - INFO - Looking for new data...
2023-02-17 11:46:24,486 - petrioneos - INFO - The two dataframes are equal
2023-02-17 11:46:24,486 - petrioneos - INFO - Looking for new data...
2023-02-17 11:46:24,757 - petrioneos - INFO - The two dataframes are equal
2023-02-17 11:47:31,243 - petrioneos - INFO - DataFrame does not contain date type column
2023-02-17 11:47:31,243 - petrioneos - INFO - Looking for new data...
2023-02-17 11:47:31,508 - petrioneos - INFO - The two dataframes are equal
2023-02-17 11:47:31,509 - petrioneos - INFO - Looking for new data...
2023-02-17 11:47:31,746 - petrioneos - INFO - The two dataframes are equal
2023-02-17 11:47:31,747 - petrioneos - INFO - Looking for new data...
2023-02-17 11:47:32,019 - petrioneos - INFO - The two dataframes are equal
2023-02-17 11:51:18,714 - petrioneos - INFO - DataFrame does not contain date type column
2023-02-17 11:51:18,715 - petrioneos - INFO - Looking for new data...
2023-02-17 11:51:19,035 - petrioneos - INFO - The two dataframes are equal
2023-02-17 11:51:19,036 - petrioneos - INFO - Looking for new data...
2023-02-17 11:51:19,301 - petrioneos - INFO - The two dataframes are equal
2023-02-17 11:51:19,301 - petrioneos - INFO - Looking for new data...
2023-02-17 11:51:19,558 - petrioneos - INFO - The two dataframes are equal
2023-02-17 11:53:29,473 - petrioneos - INFO - DataFrame does not contain date type column
2023-02-17 11:53:29,474 - petrioneos - INFO - Looking for new data...
2023-02-17 11:53:29,755 - petrioneos - INFO - The two dataframes are equal
2023-02-17 11:53:29,756 - petrioneos - INFO - Looking for new data...
2023-02-17 11:53:30,032 - petrioneos - INFO - The two dataframes are equal
2023-02-17 11:53:30,033 - petrioneos - INFO - Looking for new data...
2023-02-17 11:53:30,298 - petrioneos - INFO - The two dataframes are equal
2023-02-17 11:53:43,765 - petrioneos - INFO - DataFrame does not contain date type column
2023-02-17 11:53:43,766 - petrioneos - INFO - Looking for new data...
2023-02-17 11:53:44,029 - petrioneos - INFO - The two dataframes are equal
2023-02-17 11:53:44,030 - petrioneos - INFO - Looking for new data...
2023-02-17 11:53:44,282 - petrioneos - INFO - The two dataframes are equal
2023-02-17 11:53:44,283 - petrioneos - INFO - Looking for new data...
2023-02-17 11:53:44,514 - petrioneos - INFO - The two dataframes are equal
2023-02-17 11:56:47,059 - petrioneos - INFO - DataFrame does not contain date type column
2023-02-17 11:56:47,061 - petrioneos - INFO - Looking for new data...
2023-02-17 11:56:47,336 - petrioneos - INFO - The two dataframes are equal
2023-02-17 11:56:47,337 - petrioneos - INFO - Looking for new data...
2023-02-17 11:56:47,580 - petrioneos - INFO - The two dataframes are equal
2023-02-17 11:56:47,581 - petrioneos - INFO - Looking for new data...
2023-02-17 11:56:47,910 - petrioneos - INFO - The two dataframes are equal
2023-02-17 12:08:29,829 - petrioneos - INFO - DataFrame does not contain date type column
2023-02-17 12:08:29,830 - petrioneos - INFO - Looking for new data...
2023-02-17 12:08:30,102 - petrioneos - INFO - The two dataframes are equal
2023-02-17 12:08:30,103 - petrioneos - INFO - Looking for new data...
2023-02-17 12:08:30,347 - petrioneos - INFO - The two dataframes are equal
2023-02-17 12:08:30,347 - petrioneos - INFO - Looking for new data...
2023-02-17 12:08:30,694 - petrioneos - INFO - The two dataframes are equal
2023-02-17 12:12:51,916 - petrioneos - INFO - DataFrame does not contain date type column
2023-02-17 12:12:51,916 - petrioneos - INFO - Looking for new data...
2023-02-17 12:12:52,194 - petrioneos - INFO - The two dataframes are equal
2023-02-17 12:12:52,194 - petrioneos - INFO - Looking for new data...
2023-02-17 12:12:52,447 - petrioneos - INFO - The two dataframes are equal
2023-02-17 12:12:52,447 - petrioneos - INFO - Looking for new data...
2023-02-17 12:12:52,710 - petrioneos - INFO - The two dataframes are equal
2023-02-17 12:13:11,023 - petrioneos - INFO - DataFrame does not contain date type column
2023-02-17 12:13:11,029 - petrioneos - INFO - Looking for new data...
2023-02-17 12:13:11,426 - petrioneos - INFO - The two dataframes are equal
2023-02-17 12:13:11,428 - petrioneos - INFO - Looking for new data...
2023-02-17 12:13:11,675 - petrioneos - INFO - The two dataframes are equal
2023-02-17 12:13:11,675 - petrioneos - INFO - Looking for new data...
2023-02-17 12:13:11,912 - petrioneos - INFO - The two dataframes are equal
2023-02-17 12:17:07,404 - petrioneos - INFO - DataFrame does not contain date type column
2023-02-17 12:17:07,406 - petrioneos - INFO - Looking for new data...
2023-02-17 12:17:07,742 - petrioneos - INFO - The two dataframes are equal
2023-02-17 12:17:07,742 - petrioneos - INFO - Looking for new data...
2023-02-17 12:17:08,024 - petrioneos - INFO - The two dataframes are equal
2023-02-17 12:17:08,025 - petrioneos - INFO - Looking for new data...
2023-02-17 12:17:08,305 - petrioneos - INFO - The two dataframes are equal
2023-02-17 12:42:27,715 - petrioneos - INFO - DataFrame does not contain date type column
2023-02-17 12:42:27,717 - petrioneos - INFO - Looking for new data...
2023-02-17 12:42:27,987 - petrioneos - INFO - The two dataframes are equal
2023-02-17 12:42:27,988 - petrioneos - INFO - Looking for new data...
2023-02-17 12:42:28,249 - petrioneos - INFO - The two dataframes are equal
2023-02-17 12:42:28,249 - petrioneos - INFO - Looking for new data...
2023-02-17 12:42:28,570 - petrioneos - INFO - The two dataframes are equal
2023-02-17 12:45:04,781 - petrioneos - INFO - DataFrame does not contain date type column
2023-02-17 12:45:04,789 - petrioneos - INFO - Looking for new data...
2023-02-17 12:45:05,155 - petrioneos - INFO - The two dataframes are equal
2023-02-17 12:45:05,175 - petrioneos - INFO - Looking for new data...
2023-02-17 12:45:05,585 - petrioneos - INFO - The two dataframes are equal
2023-02-17 12:45:05,590 - petrioneos - INFO - Looking for new data...
2023-02-17 12:45:05,922 - petrioneos - INFO - The two dataframes are equal
2023-02-17 12:46:25,024 - petrioneos - INFO - DataFrame does not contain date type column
2023-02-17 12:46:25,025 - petrioneos - INFO - Looking for new data...
2023-02-17 12:46:25,355 - petrioneos - INFO - The two dataframes are equal
2023-02-17 12:46:25,356 - petrioneos - INFO - Looking for new data...
2023-02-17 12:46:25,626 - petrioneos - INFO - The two dataframes are equal
2023-02-17 12:46:25,627 - petrioneos - INFO - Looking for new data...
2023-02-17 12:46:25,968 - petrioneos - INFO - The two dataframes are equal
2023-02-17 12:48:06,914 - petrioneos - INFO - DataFrame does not contain date type column
2023-02-17 12:48:06,915 - petrioneos - INFO - Looking for new data...
2023-02-17 12:48:07,175 - petrioneos - INFO - The two dataframes are equal
2023-02-17 12:48:07,175 - petrioneos - INFO - Looking for new data...
2023-02-17 12:48:07,410 - petrioneos - INFO - The two dataframes are equal
2023-02-17 12:48:07,411 - petrioneos - INFO - Looking for new data...
2023-02-17 12:48:07,678 - petrioneos - INFO - The two dataframes are equal
2023-02-17 13:26:02,382 - petrioneos - INFO - DataFrame does not contain date type column
2023-02-17 13:26:02,383 - petrioneos - INFO - Looking for new data...
2023-02-17 13:26:02,548 - petrioneos - INFO - The two dataframes are equal
2023-02-17 13:26:02,549 - petrioneos - INFO - Looking for new data...
2023-02-17 13:26:02,707 - petrioneos - INFO - The two dataframes are equal
2023-02-17 13:26:02,707 - petrioneos - INFO - Looking for new data...
2023-02-17 13:26:02,856 - petrioneos - INFO - The two dataframes are equal
2023-02-17 13:28:23,556 - petrioneos - INFO - DataFrame does not contain date type column
2023-02-17 13:28:23,557 - petrioneos - INFO - Looking for new data...
2023-02-17 13:28:23,798 - petrioneos - INFO - The two dataframes are equal
2023-02-17 13:28:23,798 - petrioneos - INFO - Looking for new data...
2023-02-17 13:28:23,957 - petrioneos - INFO - The two dataframes are equal
2023-02-17 13:28:23,957 - petrioneos - INFO - Looking for new data...
2023-02-17 13:28:24,109 - petrioneos - INFO - The two dataframes are equal
2023-02-17 13:28:50,647 - petrioneos - INFO - DataFrame does not contain date type column
2023-02-17 13:28:50,648 - petrioneos - INFO - Looking for new data...
2023-02-17 13:28:50,814 - petrioneos - INFO - The two dataframes are equal
2023-02-17 13:28:50,815 - petrioneos - INFO - Looking for new data...
2023-02-17 13:28:50,963 - petrioneos - INFO - The two dataframes are equal
2023-02-17 13:28:50,963 - petrioneos - INFO - Looking for new data...
2023-02-17 13:28:51,111 - petrioneos - INFO - The two dataframes are equal
